<?xml version="1.0" encoding="UTF-8"?>
<!-- Generated by org.testng.reporters.JUnitReportReporter -->
<testsuite hostname="DESKTOP-73VT5SL" failures="0" tests="1" name="Utilities.Ra" time="173.623" errors="0" timestamp="2023-09-07T16:18:00 IST" skipped="0">
  <testcase classname="Utilities.Ra" name="sendPostRequest" time="173.623"/>
  <system-out/>
</testsuite> <!-- Utilities.Ra -->
