<?xml version="1.0" encoding="UTF-8"?>
<!-- Generated by org.testng.reporters.JUnitReportReporter -->
<testsuite hostname="DESKTOP-73VT5SL" failures="0" tests="4" name="smoke_Suite.ALC_4360" time="509.146" errors="0" timestamp="2023-09-22T12:55:05 IST" skipped="0">
  <testcase classname="smoke_Suite.ALC_4360" name="run4360data" time="62.952"/>
  <system-out/>
  <testcase classname="smoke_Suite.ALC_4360" name="alchemySteps" time="162.690"/>
  <system-out/>
  <testcase classname="smoke_Suite.ALC_4360" name="appSteps" time="131.869"/>
  <system-out/>
  <testcase classname="smoke_Suite.ALC_4360" name="disablebonus" time="151.635"/>
  <system-out/>
</testsuite> <!-- smoke_Suite.ALC_4360 -->
