<?xml version="1.0" encoding="UTF-8"?>
<!-- Generated by org.testng.reporters.JUnitReportReporter -->
<testsuite hostname="DESKTOP-73VT5SL" failures="0" tests="4" name="smoke_Suite.ALC_4360" time="288.297" errors="0" timestamp="2023-09-20T16:13:56 IST" skipped="0">
  <testcase classname="smoke_Suite.ALC_4360" name="run4360data" time="46.334"/>
  <system-out/>
  <testcase classname="smoke_Suite.ALC_4360" name="alchemySteps" time="31.242"/>
  <system-out/>
  <testcase classname="smoke_Suite.ALC_4360" name="appSteps" time="91.969"/>
  <system-out/>
  <testcase classname="smoke_Suite.ALC_4360" name="disablebonus" time="118.752"/>
  <system-out/>
</testsuite> <!-- smoke_Suite.ALC_4360 -->
