<?xml version="1.0" encoding="UTF-8"?>
<!-- Generated by org.testng.reporters.JUnitReportReporter -->
<testsuite hostname="DESKTOP-73VT5SL" failures="0" tests="4" name="smoke_Suite.ALC_4360" time="399.735" errors="0" timestamp="2023-09-22T17:32:30 IST" skipped="0">
  <testcase classname="smoke_Suite.ALC_4360" name="run4360data" time="55.187"/>
  <system-out/>
  <testcase classname="smoke_Suite.ALC_4360" name="alchemySteps" time="52.958"/>
  <system-out/>
  <testcase classname="smoke_Suite.ALC_4360" name="appSteps" time="115.350"/>
  <system-out/>
  <testcase classname="smoke_Suite.ALC_4360" name="disablebonus" time="176.240"/>
  <system-out/>
</testsuite> <!-- smoke_Suite.ALC_4360 -->
