<?xml version="1.0" encoding="UTF-8"?>
<!-- Generated by org.testng.reporters.JUnitReportReporter -->
<testsuite hostname="DESKTOP-73VT5SL" failures="0" tests="9" name="smoke_Suite.ALC_4350" time="457.633" errors="0" timestamp="2023-09-04T15:58:14 IST" skipped="0">
  <testcase classname="smoke_Suite.ALC_4350" name="signUp" time="141.919"/>
  <system-out/>
  <testcase classname="smoke_Suite.ALC_4350" name="loginAlchmey" time="9.023"/>
  <system-out/>
  <testcase classname="smoke_Suite.ALC_4350" name="VerifyMemberAlchmey" time="82.387"/>
  <system-out/>
  <testcase classname="smoke_Suite.ALC_4350" name="createBranchAndMember" time="100.692"/>
  <system-out/>
  <testcase classname="smoke_Suite.ALC_4350" name="EditMemberDetails" time="30.946"/>
  <system-out/>
  <testcase classname="smoke_Suite.ALC_4350" name="loginBranchMemberPB" time="20.589"/>
  <system-out/>
  <testcase classname="smoke_Suite.ALC_4350" name="suspendMemberALC" time="30.031"/>
  <system-out/>
  <testcase classname="smoke_Suite.ALC_4350" name="memberSuspendVerify" time="15.245"/>
  <system-out/>
  <testcase classname="smoke_Suite.ALC_4350" name="branchSuspendMemberVerification" time="26.801"/>
  <system-out/>
</testsuite> <!-- smoke_Suite.ALC_4350 -->
