<?xml version="1.0" encoding="UTF-8"?>
<!-- Generated by org.testng.reporters.JUnitReportReporter -->
<testsuite hostname="DESKTOP-73VT5SL" failures="0" tests="1" name="smoke_Suite.ALC_4350" time="54.347" errors="0" timestamp="2023-09-12T15:26:17 IST" skipped="0">
  <testcase classname="smoke_Suite.ALC_4350" name="just" time="54.347"/>
  <system-out/>
</testsuite> <!-- smoke_Suite.ALC_4350 -->
